-- The C compiler identification is GNU 11.4.0
-- The CXX compiler identification is GNU 11.4.0
-- Detecting C compiler ABI info
-- Detecting C compiler ABI info - done
-- Check for working C compiler: /usr/bin/cc - skipped
-- Detecting C compile features
-- Detecting C compile features - done
-- Detecting CXX compiler ABI info
-- Detecting CXX compiler ABI info - done
-- Check for working CXX compiler: /usr/bin/c++ - skipped
-- Detecting CXX compile features
-- Detecting CXX compile features - done
-- Found ament_cmake: 1.3.12 (/opt/ros/humble/share/ament_cmake/cmake)
-- Found Python3: /usr/bin/python3 (found version "3.10.12") found components: Interpreter 
-- Override CMake install command with custom implementation using symlinks instead of copying resources
-- Found rclcpp: 16.0.14 (/opt/ros/humble/share/rclcpp/cmake)
-- Found rosidl_generator_c: 3.1.7 (/opt/ros/humble/share/rosidl_generator_c/cmake)
-- Found rosidl_adapter: 3.1.7 (/opt/ros/humble/share/rosidl_adapter/cmake)
-- Found rosidl_generator_cpp: 3.1.7 (/opt/ros/humble/share/rosidl_generator_cpp/cmake)
-- Using all available rosidl_typesupport_c: rosidl_typesupport_fastrtps_c;rosidl_typesupport_introspection_c
-- Using all available rosidl_typesupport_cpp: rosidl_typesupport_fastrtps_cpp;rosidl_typesupport_introspection_cpp
-- Found rmw_implementation_cmake: 6.1.2 (/opt/ros/humble/share/rmw_implementation_cmake/cmake)
-- Found rmw_fastrtps_cpp: 6.2.8 (/opt/ros/humble/share/rmw_fastrtps_cpp/cmake)
-- Found OpenSSL: /usr/lib/x86_64-linux-gnu/libcrypto.so (found version "3.0.2")  
-- Found FastRTPS: /opt/ros/humble/include  
-- Using RMW implementation 'rmw_fastrtps_cpp' as default
-- Performing Test CMAKE_HAVE_LIBC_PTHREAD
-- Performing Test CMAKE_HAVE_LIBC_PTHREAD - Success
-- Found Threads: TRUE  
-- Found sensor_msgs: 4.9.0 (/opt/ros/humble/share/sensor_msgs/cmake)
-- Found image_transport: 3.1.12 (/opt/ros/humble/share/image_transport/cmake)
-- Found cv_bridge: 3.2.1 (/opt/ros/humble/share/cv_bridge/cmake)
-- Found OpenCV: /usr (found suitable version "4.5.4", minimum required is "4") 
-- Found ament_lint_auto: 0.12.14 (/opt/ros/humble/share/ament_lint_auto/cmake)
-- Added test 'cppcheck' to perform static code analysis on C / C++ code
-- Configured cppcheck include dirs: 
-- Configured cppcheck exclude dirs and/or files: 
-- Added test 'flake8' to check Python code syntax and style conventions
-- Added test 'lint_cmake' to check CMake code style
-- Added test 'pep257' to check Python code against some of the docstring style conventions in PEP 257
-- Added test 'uncrustify' to check C / C++ code style
-- Configured uncrustify additional arguments: 
-- Added test 'xmllint' to check XML markup files
-- Configuring done (2.0s)
-- Generating done (0.0s)
-- Build files have been written to: /home/jpalves/dev_ws/src/elp/build/elp
[ 25%] [32mBuilding CXX object CMakeFiles/camera_pub.dir/src/camera_pub.cpp.o[0m
[ 50%] [32mBuilding CXX object CMakeFiles/camera_sub.dir/src/camera_sub.cpp.o[0m
[01m[K/home/jpalves/dev_ws/src/elp/src/camera_pub.cpp:70:10:[m[K [01;31m[Kerror: [m[Kexpected â€˜[01m[K;[m[Kâ€™ after class definition
   70 |         }
      |          [01;31m[K^[m[K
      |          [32m[K;[m[K
[01m[K/home/jpalves/dev_ws/src/elp/src/camera_pub.cpp:[m[K In constructor â€˜[01m[KCameraPublisher::CameraPublisher()[m[Kâ€™:
[01m[K/home/jpalves/dev_ws/src/elp/src/camera_pub.cpp:26:13:[m[K [01;31m[Kerror: [m[Kâ€˜[01m[Kpublisher_left[m[Kâ€™ was not declared in this scope
   26 |             [01;31m[Kpublisher_left[m[K = image_transport::create_publisher(this, "/camera/left");
      |             [01;31m[K^~~~~~~~~~~~~~[m[K
[01m[K/home/jpalves/dev_ws/src/elp/src/camera_pub.cpp:27:13:[m[K [01;31m[Kerror: [m[Kâ€˜[01m[Kpublisher_right[m[Kâ€™ was not declared in this scope
   27 |             [01;31m[Kpublisher_right[m[K = image_transport::create_publisher(this, "/camera/right");
      |             [01;31m[K^~~~~~~~~~~~~~~[m[K
[01m[K/home/jpalves/dev_ws/src/elp/src/camera_pub.cpp:28:13:[m[K [01;31m[Kerror: [m[Kâ€˜[01m[Kcamera_info_left_pub_[m[Kâ€™ was not declared in this scope
   28 |             [01;31m[Kcamera_info_left_pub_[m[K = this->create_publisher<sensor_msgs::msg::CameraInfo>("/camera/left/camera_info", 10);
      |             [01;31m[K^~~~~~~~~~~~~~~~~~~~~[m[K
[01m[K/home/jpalves/dev_ws/src/elp/src/camera_pub.cpp:29:13:[m[K [01;31m[Kerror: [m[Kâ€˜[01m[Kcamera_info_right_pub_[m[Kâ€™ was not declared in this scope
   29 |             [01;31m[Kcamera_info_right_pub_[m[K = this->create_publisher<sensor_msgs::msg::CameraInfo>("/camera/right/camera_info", 10);
      |             [01;31m[K^~~~~~~~~~~~~~~~~~~~~~[m[K
[01m[K/home/jpalves/dev_ws/src/elp/src/camera_pub.cpp:31:13:[m[K [01;31m[Kerror: [m[Kâ€˜[01m[Kcap[m[Kâ€™ was not declared in this scope
   31 |             [01;31m[Kcap[m[K.open(dev_video, cv::CAP_V4L2);
      |             [01;31m[K^~~[m[K
[01m[K/home/jpalves/dev_ws/src/elp/src/camera_pub.cpp:40:13:[m[K [01;31m[Kerror: [m[Kâ€˜[01m[Ktimer[m[Kâ€™ was not declared in this scope; did you mean â€˜[01m[Ktimex[m[Kâ€™?
   40 |             [01;31m[Ktimer[m[K = this->create_wall_timer(
      |             [01;31m[K^~~~~[m[K
      |             [32m[Ktimex[m[K
[01m[K/home/jpalves/dev_ws/src/elp/src/camera_pub.cpp:42:45:[m[K [01;31m[Kerror: [m[Kâ€˜[01m[Ktimer_callback[m[Kâ€™ is not a member of â€˜[01m[KCameraPublisher[m[Kâ€™
   42 |                 std::bind(&CameraPublisher::[01;31m[Ktimer_callback[m[K, this)
      |                                             [01;31m[K^~~~~~~~~~~~~~[m[K
[01m[K/home/jpalves/dev_ws/src/elp/src/camera_pub.cpp:[m[K In member function â€˜[01m[Kvoid CameraPublisher::publish_image(const cv::Mat&, image_transport::Publisher)[m[Kâ€™:
[01m[K/home/jpalves/dev_ws/src/elp/src/camera_pub.cpp:68:17:[m[K [01;31m[Kerror: [m[Kâ€˜[01m[Kinfo_pub[m[Kâ€™ was not declared in this scope
   68 |                 [01;31m[Kinfo_pub[m[K->publish(*info_msg);
      |                 [01;31m[K^~~~~~~~[m[K
[01m[K/home/jpalves/dev_ws/src/elp/src/camera_pub.cpp:[m[K In function â€˜[01m[Kvoid timer_callback()[m[Kâ€™:
[01m[K/home/jpalves/dev_ws/src/elp/src/camera_pub.cpp:74:13:[m[K [01;31m[Kerror: [m[Kâ€˜[01m[Kcap[m[Kâ€™ was not declared in this scope
   74 |             [01;31m[Kcap[m[K >> img;  // Capturar frame da cÃ¢mera
      |             [01;31m[K^~~[m[K
[01m[K/home/jpalves/dev_ws/src/elp/src/camera_pub.cpp:83:37:[m[K [01;31m[Kerror: [m[Kâ€˜[01m[Kpublisher_left[m[Kâ€™ was not declared in this scope
   83 |             publish_image(esquerda, [01;31m[Kpublisher_left[m[K);
      |                                     [01;31m[K^~~~~~~~~~~~~~[m[K
[01m[K/home/jpalves/dev_ws/src/elp/src/camera_pub.cpp:83:13:[m[K [01;31m[Kerror: [m[Kâ€˜[01m[Kpublish_image[m[Kâ€™ was not declared in this scope
   83 |             [01;31m[Kpublish_image[m[K(esquerda, publisher_left);
      |             [01;31m[K^~~~~~~~~~~~~[m[K
[01m[K/home/jpalves/dev_ws/src/elp/src/camera_pub.cpp:84:36:[m[K [01;31m[Kerror: [m[Kâ€˜[01m[Kpublisher_right[m[Kâ€™ was not declared in this scope
   84 |             publish_image(direita, [01;31m[Kpublisher_right[m[K, camera_info_right_pub_);
      |                                    [01;31m[K^~~~~~~~~~~~~~~[m[K
[01m[K/home/jpalves/dev_ws/src/elp/src/camera_pub.cpp:84:53:[m[K [01;31m[Kerror: [m[Kâ€˜[01m[Kcamera_info_right_pub_[m[Kâ€™ was not declared in this scope
   84 |             publish_image(direita, publisher_right, [01;31m[Kcamera_info_right_pub_[m[K);
      |                                                     [01;31m[K^~~~~~~~~~~~~~~~~~~~~~[m[K
[01m[K/home/jpalves/dev_ws/src/elp/src/camera_pub.cpp:[m[K At global scope:
[01m[K/home/jpalves/dev_ws/src/elp/src/camera_pub.cpp:91:1:[m[K [01;31m[Kerror: [m[Kexpected declaration before â€˜[01m[K}[m[Kâ€™ token
   91 | [01;31m[K}[m[K;
      | [01;31m[K^[m[K
gmake[2]: *** [CMakeFiles/camera_pub.dir/build.make:76: CMakeFiles/camera_pub.dir/src/camera_pub.cpp.o] Error 1
gmake[1]: *** [CMakeFiles/Makefile2:139: CMakeFiles/camera_pub.dir/all] Error 2
gmake[1]: *** Waiting for unfinished jobs....
[ 75%] [32m[1mLinking CXX executable camera_sub[0m
[ 75%] Built target camera_sub
gmake: *** [Makefile:146: all] Error 2
