<?xml version="1.0" encoding="UTF-8"?>
<testsuite name="elp" tests="1" failures="0" time="0.184" errors="1" skipped="0">
  <testcase classname="elp" name="uncrustify.xunit.missing_result" time="0.184">
    <error message="The test did not generate a result file:&#10;&#10;/opt/ros/humble/lib/python3.10/site-packages/ament_uncrustify/configuration/ament_code_style.cfg:66: option 'sp_cpp_lambda_paren' is deprecated; use 'sp_cpp_lambda_square_paren' instead&#10;/opt/ros/humble/lib/python3.10/site-packages/ament_uncrustify/configuration/ament_code_style.cfg:519: option 'sp_word_brace' is deprecated; did you want to use 'sp_type_brace_init_lst' instead?&#10;Output prefix: /tmp/uncrustify_rdwytixa/&#10;Output suffix: .uncrustify&#10;Parsing: /home/jpalves/dev_ws/src/elp/build/elp/CMakeFiles/3.27.0/CompilerIdCXX/CMakeCXXCompilerId.cpp as language CPP&#10;Parsing: /home/jpalves/dev_ws/src/elp/src/camera_pub.cpp as language CPP&#10;parse_cleanup(456): pc-&gt;orig_line is 91, orig_col is 1, text() is '}', type is BRACE_CLOSE&#10;parse_cleanup(458): (frm.top().type + 1) is UNKNOWN&#10;parse_cleanup(869): Unmatched BRACE_CLOSE&#10;   orig_line is 91, orig_col is 1&#10;parse_cleanup(876): Try the option 'tok_split_gte = true'&#10;&#10;The invocation of 'uncrustify' failed with error code 1: Command '['/usr/bin/uncrustify', '-c', '/opt/ros/humble/lib/python3.10/site-packages/ament_uncrustify/configuration/ament_code_style.cfg', '-l', 'CPP', '--prefix', '/tmp/uncrustify_rdwytixa', '--suffix', '.uncrustify', '/home/jpalves/dev_ws/src/elp/build/elp/CMakeFiles/3.27.0/CompilerIdCXX/CMakeCXXCompilerId.cpp', '/home/jpalves/dev_ws/src/elp/src/camera_pub.cpp', '/home/jpalves/dev_ws/src/elp/src/camera_sub.cpp']' returned non-zero exit status 1.&#10;"/>
  </testcase>
</testsuite>
