Start testing: Sep 11 11:46 WEST
----------------------------------------------------------
1/6 Testing: cppcheck
1/6 Test: cppcheck
Command: "/usr/bin/python3" "-u" "/opt/ros/humble/share/ament_cmake_test/cmake/run_test.py" "/home/jpalves/dev_ws/src/elp/build/elp/test_results/elp/cppcheck.xunit.xml" "--package-name" "elp" "--output-file" "/home/jpalves/dev_ws/src/elp/build/elp/ament_cppcheck/cppcheck.txt" "--command" "/opt/ros/humble/bin/ament_cppcheck" "--xunit-file" "/home/jpalves/dev_ws/src/elp/build/elp/test_results/elp/cppcheck.xunit.xml"
Directory: /home/jpalves/dev_ws/src/elp
"cppcheck" start time: Sep 11 11:46 WEST
Output:
----------------------------------------------------------
-- run_test.py: invoking following command in '/home/jpalves/dev_ws/src/elp':
 - /opt/ros/humble/bin/ament_cppcheck --xunit-file /home/jpalves/dev_ws/src/elp/build/elp/test_results/elp/cppcheck.xunit.xml
cppcheck 2.7 has known performance issues and therefore will not be used, set the AMENT_CPPCHECK_ALLOW_SLOW_VERSIONS environment variable to override this.
-- run_test.py: return code 0
-- run_test.py: verify result file '/home/jpalves/dev_ws/src/elp/build/elp/test_results/elp/cppcheck.xunit.xml'
<end of output>
Test time =   0.18 sec
----------------------------------------------------------
Test Passed.
"cppcheck" end time: Sep 11 11:46 WEST
"cppcheck" time elapsed: 00:00:00
----------------------------------------------------------

2/6 Testing: flake8
2/6 Test: flake8
Command: "/usr/bin/python3" "-u" "/opt/ros/humble/share/ament_cmake_test/cmake/run_test.py" "/home/jpalves/dev_ws/src/elp/build/elp/test_results/elp/flake8.xunit.xml" "--package-name" "elp" "--output-file" "/home/jpalves/dev_ws/src/elp/build/elp/ament_flake8/flake8.txt" "--command" "/opt/ros/humble/bin/ament_flake8" "--xunit-file" "/home/jpalves/dev_ws/src/elp/build/elp/test_results/elp/flake8.xunit.xml"
Directory: /home/jpalves/dev_ws/src/elp
"flake8" start time: Sep 11 11:46 WEST
Output:
----------------------------------------------------------
-- run_test.py: invoking following command in '/home/jpalves/dev_ws/src/elp':
 - /opt/ros/humble/bin/ament_flake8 --xunit-file /home/jpalves/dev_ws/src/elp/build/elp/test_results/elp/flake8.xunit.xml
import os
^
from ament_index_python.packages import get_package_share_directory
^
def generate_launch_description():
^
def generate_launch_description():
^
2     E302 expected 2 blank lines, found 1
2     F401 'os' imported but unused

./launch/camera_sub.launch.py:1:1: F401 'os' imported but unused

./launch/camera_sub.launch.py:4:1: F401 'ament_index_python.packages.get_package_share_directory' imported but unused

./launch/camera_sub.launch.py:6:1: E302 expected 2 blank lines, found 1

./launch/camera_pub.launch.py:6:1: E302 expected 2 blank lines, found 1


4 files checked
4 errors

'E'-type errors: 2
'F'-type errors: 2

Checked files:

* ./launch/camera_sub.launch.py
* ./launch/camera_pub.launch.py
* ./install/_local_setup_util_ps1.py
* ./install/_local_setup_util_sh.py
-- run_test.py: return code 1
-- run_test.py: verify result file '/home/jpalves/dev_ws/src/elp/build/elp/test_results/elp/flake8.xunit.xml'
<end of output>
Test time =   0.37 sec
----------------------------------------------------------
Test Failed.
"flake8" end time: Sep 11 11:46 WEST
"flake8" time elapsed: 00:00:00
----------------------------------------------------------

3/6 Testing: lint_cmake
3/6 Test: lint_cmake
Command: "/usr/bin/python3" "-u" "/opt/ros/humble/share/ament_cmake_test/cmake/run_test.py" "/home/jpalves/dev_ws/src/elp/build/elp/test_results/elp/lint_cmake.xunit.xml" "--package-name" "elp" "--output-file" "/home/jpalves/dev_ws/src/elp/build/elp/ament_lint_cmake/lint_cmake.txt" "--command" "/opt/ros/humble/bin/ament_lint_cmake" "--xunit-file" "/home/jpalves/dev_ws/src/elp/build/elp/test_results/elp/lint_cmake.xunit.xml"
Directory: /home/jpalves/dev_ws/src/elp
"lint_cmake" start time: Sep 11 11:46 WEST
Output:
----------------------------------------------------------
-- run_test.py: invoking following command in '/home/jpalves/dev_ws/src/elp':
 - /opt/ros/humble/bin/ament_lint_cmake --xunit-file /home/jpalves/dev_ws/src/elp/build/elp/test_results/elp/lint_cmake.xunit.xml
CMakeLists.txt:22: Line ends in whitespace [whitespace/eol]

build/elp/CTestTestfile.cmake:1: Line ends in whitespace [whitespace/eol]
build/elp/CTestTestfile.cmake:4: Line ends in whitespace [whitespace/eol]
build/elp/CTestTestfile.cmake:5: Line ends in whitespace [whitespace/eol]
build/elp/CTestTestfile.cmake:7: Lines should be <= 140 characters long [linelength]
build/elp/CTestTestfile.cmake:8: Lines should be <= 140 characters long [linelength]
build/elp/CTestTestfile.cmake:9: Lines should be <= 140 characters long [linelength]
build/elp/CTestTestfile.cmake:10: Lines should be <= 140 characters long [linelength]
build/elp/CTestTestfile.cmake:11: Lines should be <= 140 characters long [linelength]
build/elp/CTestTestfile.cmake:12: Lines should be <= 140 characters long [linelength]
build/elp/CTestTestfile.cmake:13: Lines should be <= 140 characters long [linelength]
build/elp/CTestTestfile.cmake:14: Lines should be <= 140 characters long [linelength]
build/elp/CTestTestfile.cmake:15: Lines should be <= 140 characters long [linelength]
build/elp/CTestTestfile.cmake:16: Lines should be <= 140 characters long [linelength]
build/elp/CTestTestfile.cmake:17: Lines should be <= 140 characters long [linelength]
build/elp/CTestTestfile.cmake:18: Lines should be <= 140 characters long [linelength]

build/elp/ament_cmake_symlink_install_targets_0_.cmake:1: Lines should be <= 140 characters long [linelength]

build/elp/cmake_install.cmake:13: Weird indentation; use 2 spaces [whitespace/indent]
build/elp/cmake_install.cmake:56: Weird indentation; use 2 spaces [whitespace/indent]
build/elp/cmake_install.cmake:58: Weird indentation; use 2 spaces [whitespace/indent]

build/elp/CMakeFiles/Makefile.cmake:8: Mismatching spaces inside () after command [whitespace/mismatch]
build/elp/CMakeFiles/Makefile.cmake:801: Mismatching spaces inside () after command [whitespace/mismatch]
build/elp/CMakeFiles/Makefile.cmake:807: Mismatching spaces inside () after command [whitespace/mismatch]
build/elp/CMakeFiles/Makefile.cmake:837: Mismatching spaces inside () after command [whitespace/mismatch]

build/elp/CMakeFiles/3.27.0/CMakeCCompiler.cmake:9: Lines should be <= 140 characters long [linelength]
build/elp/CMakeFiles/3.27.0/CMakeCCompiler.cmake:71: Lines should be <= 140 characters long [linelength]

build/elp/CMakeFiles/3.27.0/CMakeCXXCompiler.cmake:9: Lines should be <= 140 characters long [linelength]
build/elp/CMakeFiles/3.27.0/CMakeCXXCompiler.cmake:11: Lines should be <= 140 characters long [linelength]
build/elp/CMakeFiles/3.27.0/CMakeCXXCompiler.cmake:12: Lines should be <= 140 characters long [linelength]
build/elp/CMakeFiles/3.27.0/CMakeCXXCompiler.cmake:43: Extra spaces between 'foreach' and its () [whitespace/extra]
build/elp/CMakeFiles/3.27.0/CMakeCXXCompiler.cmake:44: Extra spaces between 'if' and its () [whitespace/extra]
build/elp/CMakeFiles/3.27.0/CMakeCXXCompiler.cmake:82: Lines should be <= 140 characters long [linelength]

build/elp/CMakeFiles/camera_pub.dir/DependInfo.cmake:6: Mismatching spaces inside () after command [whitespace/mismatch]
build/elp/CMakeFiles/camera_pub.dir/DependInfo.cmake:10: Mismatching spaces inside () after command [whitespace/mismatch]
build/elp/CMakeFiles/camera_pub.dir/DependInfo.cmake:15: Mismatching spaces inside () after command [whitespace/mismatch]

build/elp/CMakeFiles/camera_sub.dir/DependInfo.cmake:6: Mismatching spaces inside () after command [whitespace/mismatch]
build/elp/CMakeFiles/camera_sub.dir/DependInfo.cmake:10: Mismatching spaces inside () after command [whitespace/mismatch]
build/elp/CMakeFiles/camera_sub.dir/DependInfo.cmake:15: Mismatching spaces inside () after command [whitespace/mismatch]

build/elp/CMakeFiles/elp_uninstall.dir/DependInfo.cmake:6: Mismatching spaces inside () after command [whitespace/mismatch]
build/elp/CMakeFiles/elp_uninstall.dir/DependInfo.cmake:10: Mismatching spaces inside () after command [whitespace/mismatch]
build/elp/CMakeFiles/elp_uninstall.dir/DependInfo.cmake:14: Mismatching spaces inside () after command [whitespace/mismatch]

build/elp/CMakeFiles/elp_uninstall.dir/cmake_clean.cmake:6: Mismatching spaces inside () after command [whitespace/mismatch]

build/elp/CMakeFiles/uninstall.dir/DependInfo.cmake:6: Mismatching spaces inside () after command [whitespace/mismatch]
build/elp/CMakeFiles/uninstall.dir/DependInfo.cmake:10: Mismatching spaces inside () after command [whitespace/mismatch]
build/elp/CMakeFiles/uninstall.dir/DependInfo.cmake:14: Mismatching spaces inside () after command [whitespace/mismatch]

build/elp/CMakeFiles/uninstall.dir/cmake_clean.cmake:3: Mismatching spaces inside () after command [whitespace/mismatch]

build/elp/ament_cmake_core/package.cmake:4: Mismatching spaces inside () after command [whitespace/mismatch]
build/elp/ament_cmake_core/package.cmake:6: Mismatching spaces inside () after command [whitespace/mismatch]
build/elp/ament_cmake_core/package.cmake:7: Mismatching spaces inside () after command [whitespace/mismatch]
build/elp/ament_cmake_core/package.cmake:10: Mismatching spaces inside () after command [whitespace/mismatch]
build/elp/ament_cmake_core/package.cmake:11: Mismatching spaces inside () after command [whitespace/mismatch]

build/elp/ament_cmake_package_templates/templates.cmake:1: Lines should be <= 140 characters long [linelength]
build/elp/ament_cmake_package_templates/templates.cmake:2: Lines should be <= 140 characters long [linelength]
build/elp/ament_cmake_package_templates/templates.cmake:4: Lines should be <= 140 characters long [linelength]
build/elp/ament_cmake_package_templates/templates.cmake:5: Lines should be <= 140 characters long [linelength]
build/elp/ament_cmake_package_templates/templates.cmake:6: Lines should be <= 140 characters long [linelength]
build/elp/ament_cmake_package_templates/templates.cmake:8: Lines should be <= 140 characters long [linelength]
build/elp/ament_cmake_package_templates/templates.cmake:9: Lines should be <= 140 characters long [linelength]
build/elp/ament_cmake_package_templates/templates.cmake:10: Lines should be <= 140 characters long [linelength]
build/elp/ament_cmake_package_templates/templates.cmake:11: Lines should be <= 140 characters long [linelength]
build/elp/ament_cmake_package_templates/templates.cmake:12: Lines should be <= 140 characters long [linelength]
build/elp/ament_cmake_package_templates/templates.cmake:13: Lines should be <= 140 characters long [linelength]
build/elp/ament_cmake_package_templates/templates.cmake:14: Lines should be <= 140 characters long [linelength]

build/elp/ament_cmake_symlink_install/ament_cmake_symlink_install.cmake:322: Lines should be <= 140 characters long [linelength]
build/elp/ament_cmake_symlink_install/ament_cmake_symlink_install.cmake:323: Lines should be <= 140 characters long [linelength]
build/elp/ament_cmake_symlink_install/ament_cmake_symlink_install.cmake:325: Lines should be <= 140 characters long [linelength]
build/elp/ament_cmake_symlink_install/ament_cmake_symlink_install.cmake:326: Lines should be <= 140 characters long [linelength]
build/elp/ament_cmake_symlink_install/ament_cmake_symlink_install.cmake:328: Lines should be <= 140 characters long [linelength]
build/elp/ament_cmake_symlink_install/ament_cmake_symlink_install.cmake:329: Lines should be <= 140 characters long [linelength]
build/elp/ament_cmake_symlink_install/ament_cmake_symlink_install.cmake:331: Lines should be <= 140 characters long [linelength]
build/elp/ament_cmake_symlink_install/ament_cmake_symlink_install.cmake:332: Lines should be <= 140 characters long [linelength]
build/elp/ament_cmake_symlink_install/ament_cmake_symlink_install.cmake:335: Lines should be <= 140 characters long [linelength]
build/elp/ament_cmake_symlink_install/ament_cmake_symlink_install.cmake:338: Lines should be <= 140 characters long [linelength]
build/elp/ament_cmake_symlink_install/ament_cmake_symlink_install.cmake:341: Lines should be <= 140 characters long [linelength]
build/elp/ament_cmake_symlink_install/ament_cmake_symlink_install.cmake:344: Lines should be <= 140 characters long [linelength]
build/elp/ament_cmake_symlink_install/ament_cmake_symlink_install.cmake:347: Lines should be <= 140 characters long [linelength]
build/elp/ament_cmake_symlink_install/ament_cmake_symlink_install.cmake:350: Lines should be <= 140 characters long [linelength]
build/elp/ament_cmake_symlink_install/ament_cmake_symlink_install.cmake:353: Lines should be <= 140 characters long [linelength]
build/elp/ament_cmake_symlink_install/ament_cmake_symlink_install.cmake:355: Lines should be <= 140 characters long [linelength]
build/elp/ament_cmake_symlink_install/ament_cmake_symlink_install.cmake:356: Lines should be <= 140 characters long [linelength]
build/elp/ament_cmake_symlink_install/ament_cmake_symlink_install.cmake:358: Lines should be <= 140 characters long [linelength]
build/elp/ament_cmake_symlink_install/ament_cmake_symlink_install.cmake:359: Lines should be <= 140 characters long [linelength]


82 errors
-- run_test.py: return code 1
-- run_test.py: verify result file '/home/jpalves/dev_ws/src/elp/build/elp/test_results/elp/lint_cmake.xunit.xml'
<end of output>
Test time =   0.18 sec
----------------------------------------------------------
Test Failed.
"lint_cmake" end time: Sep 11 11:46 WEST
"lint_cmake" time elapsed: 00:00:00
----------------------------------------------------------

4/6 Testing: pep257
4/6 Test: pep257
Command: "/usr/bin/python3" "-u" "/opt/ros/humble/share/ament_cmake_test/cmake/run_test.py" "/home/jpalves/dev_ws/src/elp/build/elp/test_results/elp/pep257.xunit.xml" "--package-name" "elp" "--output-file" "/home/jpalves/dev_ws/src/elp/build/elp/ament_pep257/pep257.txt" "--command" "/opt/ros/humble/bin/ament_pep257" "--xunit-file" "/home/jpalves/dev_ws/src/elp/build/elp/test_results/elp/pep257.xunit.xml"
Directory: /home/jpalves/dev_ws/src/elp
"pep257" start time: Sep 11 11:46 WEST
Output:
----------------------------------------------------------
-- run_test.py: invoking following command in '/home/jpalves/dev_ws/src/elp':
 - /opt/ros/humble/bin/ament_pep257 --xunit-file /home/jpalves/dev_ws/src/elp/build/elp/test_results/elp/pep257.xunit.xml
checking ./install/_local_setup_util_ps1.py
checking ./install/_local_setup_util_sh.py
checking ./launch/camera_pub.launch.py
checking ./launch/camera_sub.launch.py
No problems found
-- run_test.py: return code 0
-- run_test.py: verify result file '/home/jpalves/dev_ws/src/elp/build/elp/test_results/elp/pep257.xunit.xml'
<end of output>
Test time =   0.27 sec
----------------------------------------------------------
Test Passed.
"pep257" end time: Sep 11 11:46 WEST
"pep257" time elapsed: 00:00:00
----------------------------------------------------------

5/6 Testing: uncrustify
5/6 Test: uncrustify
Command: "/usr/bin/python3" "-u" "/opt/ros/humble/share/ament_cmake_test/cmake/run_test.py" "/home/jpalves/dev_ws/src/elp/build/elp/test_results/elp/uncrustify.xunit.xml" "--package-name" "elp" "--output-file" "/home/jpalves/dev_ws/src/elp/build/elp/ament_uncrustify/uncrustify.txt" "--command" "/opt/ros/humble/bin/ament_uncrustify" "--xunit-file" "/home/jpalves/dev_ws/src/elp/build/elp/test_results/elp/uncrustify.xunit.xml"
Directory: /home/jpalves/dev_ws/src/elp
"uncrustify" start time: Sep 11 11:46 WEST
Output:
----------------------------------------------------------
-- run_test.py: invoking following command in '/home/jpalves/dev_ws/src/elp':
 - /opt/ros/humble/bin/ament_uncrustify --xunit-file /home/jpalves/dev_ws/src/elp/build/elp/test_results/elp/uncrustify.xunit.xml
/opt/ros/humble/lib/python3.10/site-packages/ament_uncrustify/configuration/ament_code_style.cfg:66: option 'sp_cpp_lambda_paren' is deprecated; use 'sp_cpp_lambda_square_paren' instead
/opt/ros/humble/lib/python3.10/site-packages/ament_uncrustify/configuration/ament_code_style.cfg:519: option 'sp_word_brace' is deprecated; did you want to use 'sp_type_brace_init_lst' instead?
Output prefix: /tmp/uncrustify_rdwytixa/
Output suffix: .uncrustify
Parsing: /home/jpalves/dev_ws/src/elp/build/elp/CMakeFiles/3.27.0/CompilerIdCXX/CMakeCXXCompilerId.cpp as language CPP
Parsing: /home/jpalves/dev_ws/src/elp/src/camera_pub.cpp as language CPP
parse_cleanup(456): pc->orig_line is 91, orig_col is 1, text() is '}', type is BRACE_CLOSE
parse_cleanup(458): (frm.top().type + 1) is UNKNOWN
parse_cleanup(869): Unmatched BRACE_CLOSE
   orig_line is 91, orig_col is 1
parse_cleanup(876): Try the option 'tok_split_gte = true'

The invocation of 'uncrustify' failed with error code 1: Command '['/usr/bin/uncrustify', '-c', '/opt/ros/humble/lib/python3.10/site-packages/ament_uncrustify/configuration/ament_code_style.cfg', '-l', 'CPP', '--prefix', '/tmp/uncrustify_rdwytixa', '--suffix', '.uncrustify', '/home/jpalves/dev_ws/src/elp/build/elp/CMakeFiles/3.27.0/CompilerIdCXX/CMakeCXXCompilerId.cpp', '/home/jpalves/dev_ws/src/elp/src/camera_pub.cpp', '/home/jpalves/dev_ws/src/elp/src/camera_sub.cpp']' returned non-zero exit status 1.
-- run_test.py: return code 1
-- run_test.py: generate result file '/home/jpalves/dev_ws/src/elp/build/elp/test_results/elp/uncrustify.xunit.xml' with failed test
-- run_test.py: verify result file '/home/jpalves/dev_ws/src/elp/build/elp/test_results/elp/uncrustify.xunit.xml'
<end of output>
Test time =   0.26 sec
----------------------------------------------------------
Test Failed.
"uncrustify" end time: Sep 11 11:46 WEST
"uncrustify" time elapsed: 00:00:00
----------------------------------------------------------

6/6 Testing: xmllint
6/6 Test: xmllint
Command: "/usr/bin/python3" "-u" "/opt/ros/humble/share/ament_cmake_test/cmake/run_test.py" "/home/jpalves/dev_ws/src/elp/build/elp/test_results/elp/xmllint.xunit.xml" "--package-name" "elp" "--output-file" "/home/jpalves/dev_ws/src/elp/build/elp/ament_xmllint/xmllint.txt" "--command" "/opt/ros/humble/bin/ament_xmllint" "--xunit-file" "/home/jpalves/dev_ws/src/elp/build/elp/test_results/elp/xmllint.xunit.xml"
Directory: /home/jpalves/dev_ws/src/elp
"xmllint" start time: Sep 11 11:46 WEST
Output:
----------------------------------------------------------
-- run_test.py: invoking following command in '/home/jpalves/dev_ws/src/elp':
 - /opt/ros/humble/bin/ament_xmllint --xunit-file /home/jpalves/dev_ws/src/elp/build/elp/test_results/elp/xmllint.xunit.xml
File 'package.xml' is valid

File 'build/elp/test_results/elp/cppcheck.xunit.xml' is valid

File 'build/elp/test_results/elp/flake8.xunit.xml' is valid

File 'build/elp/test_results/elp/lint_cmake.xunit.xml' is valid

File 'build/elp/test_results/elp/pep257.xunit.xml' is valid

File 'build/elp/test_results/elp/uncrustify.xunit.xml' is valid

File 'build/elp/test_results/elp/xmllint.xunit.xml' is valid

No problems found
-- run_test.py: return code 0
-- run_test.py: verify result file '/home/jpalves/dev_ws/src/elp/build/elp/test_results/elp/xmllint.xunit.xml'
<end of output>
Test time =   0.91 sec
----------------------------------------------------------
Test Passed.
"xmllint" end time: Sep 11 11:46 WEST
"xmllint" time elapsed: 00:00:00
----------------------------------------------------------

End testing: Sep 11 11:46 WEST

cppcheck =   0.18 sec*proc

flake8 =   0.37 sec*proc

lint_cmake =   0.18 sec*proc

linter =   2.17 sec*proc

pep257 =   0.27 sec*proc

uncrustify =   0.26 sec*proc

xmllint =   0.91 sec*proc

